[2026-05-04 09:17:32] production.ERROR: SQLSTATE[22001]: String data, right truncated: 1406 Data too long for column 'api_key' at row 1 (Connection: mysql, SQL: insert into `tenants` (`slug`, `name`, `api_key`, `sector`, `currency`, `locale`, `email`, `city`, `updated_at`, `created_at`) values (demo, Commerce Démo, demo-api-key-change-in-production-64chars000000000000000000000000, general, XOF, fr, demo@exemple.sn, Dakar, 2026-05-04 09:17:31, 2026-05-04 09:17:31)) {"exception":"[object] (Illuminate\\Database\\QueryException(code: 22001): SQLSTATE[22001]: String data, right truncated: 1406 Data too long for column 'api_key' at row 1 (Connection: mysql, SQL: insert into `tenants` (`slug`, `name`, `api_key`, `sector`, `currency`, `locale`, `email`, `city`, `updated_at`, `created_at`) values (demo, Commerce Démo, demo-api-key-change-in-production-64chars000000000000000000000000, general, XOF, fr, demo@exemple.sn, Dakar, 2026-05-04 09:17:31, 2026-05-04 09:17:31)) at C:/Users/hp/Documents/Gestion Commercial/saas-commercial/backend/vendor/laravel/framework/src/Illuminate/Database/Connection.php:825)
[stacktrace]
#0 C:/Users/hp/Documents/Gestion Commercial/saas-commercial/backend/vendor/laravel/framework/src/Illuminate/Database/Connection.php(779): Illuminate/Database/Connection->runQueryCallback()
#1 C:/Users/hp/Documents/Gestion Commercial/saas-commercial/backend/vendor/laravel/framework/src/Illuminate/Database/MySqlConnection.php(42): Illuminate/Database/Connection->run()
#2 C:/Users/hp/Documents/Gestion Commercial/saas-commercial/backend/vendor/laravel/framework/src/Illuminate/Database/Query/Processors/MySqlProcessor.php(35): Illuminate/Database/MySqlConnection->insert()
#3 C:/Users/hp/Documents/Gestion Commercial/saas-commercial/backend/vendor/laravel/framework/src/Illuminate/Database/Query/Builder.php(3766): Illuminate/Database/Query/Processors/MySqlProcessor->processInsertGetId()
#4 C:/Users/hp/Documents/Gestion Commercial/saas-commercial/backend/vendor/laravel/framework/src/Illuminate/Database/Eloquent/Builder.php(2120): Illuminate/Database/Query/Builder->insertGetId()
#5 C:/Users/hp/Documents/Gestion Commercial/saas-commercial/backend/vendor/laravel/framework/src/Illuminate/Database/Eloquent/Model.php(1359): Illuminate/Database/Eloquent/Builder->__call()
#6 C:/Users/hp/Documents/Gestion Commercial/saas-commercial/backend/vendor/laravel/framework/src/Illuminate/Database/Eloquent/Model.php(1324): Illuminate/Database/Eloquent/Model->insertAndSetId()
#7 C:/Users/hp/Documents/Gestion Commercial/saas-commercial/backend/vendor/laravel/framework/src/Illuminate/Database/Eloquent/Model.php(1163): Illuminate/Database/Eloquent/Model->performInsert()
#8 C:/Users/hp/Documents/Gestion Commercial/saas-commercial/backend/vendor/laravel/framework/src/Illuminate/Database/Eloquent/Builder.php(1128): Illuminate/Database/Eloquent/Model->save()
#9 C:/Users/hp/Documents/Gestion Commercial/saas-commercial/backend/vendor/laravel/framework/src/Illuminate/Support/helpers.php(399): Illuminate/Database/Eloquent/Builder->Illuminate/Database/Eloquent/{closure}()
#10 C:/Users/hp/Documents/Gestion Commercial/saas-commercial/backend/vendor/laravel/framework/src/Illuminate/Database/Eloquent/Builder.php(1127): tap()
#11 C:/Users/hp/Documents/Gestion Commercial/saas-commercial/backend/vendor/laravel/framework/src/Illuminate/Database/Eloquent/Builder.php(634): Illuminate/Database/Eloquent/Builder->create()
#12 C:/Users/hp/Documents/Gestion Commercial/saas-commercial/backend/vendor/laravel/framework/src/Illuminate/Database/Eloquent/Builder.php(1864): Illuminate/Database/Eloquent/Builder->Illuminate/Database/Eloquent/{closure}()
#13 C:/Users/hp/Documents/Gestion Commercial/saas-commercial/backend/vendor/laravel/framework/src/Illuminate/Database/Eloquent/Builder.php(634): Illuminate/Database/Eloquent/Builder->withSavepointIfNeeded()
#14 C:/Users/hp/Documents/Gestion Commercial/saas-commercial/backend/vendor/laravel/framework/src/Illuminate/Database/Eloquent/Builder.php(621): Illuminate/Database/Eloquent/Builder->createOrFirst()
#15 C:/Users/hp/Documents/Gestion Commercial/saas-commercial/backend/vendor/laravel/framework/src/Illuminate/Support/Traits/ForwardsCalls.php(23): Illuminate/Database/Eloquent/Builder->firstOrCreate()
#16 C:/Users/hp/Documents/Gestion Commercial/saas-commercial/backend/vendor/laravel/framework/src/Illuminate/Database/Eloquent/Model.php(2372): Illuminate/Database/Eloquent/Model->forwardCallTo()
#17 C:/Users/hp/Documents/Gestion Commercial/saas-commercial/backend/vendor/laravel/framework/src/Illuminate/Database/Eloquent/Model.php(2384): Illuminate/Database/Eloquent/Model->__call()
#18 C:/Users/hp/Documents/Gestion Commercial/saas-commercial/backend/database/seeders/DatabaseSeeder.php(18): Illuminate/Database/Eloquent/Model::__callStatic()
#19 C:/Users/hp/Documents/Gestion Commercial/saas-commercial/backend/vendor/laravel/framework/src/Illuminate/Container/BoundMethod.php(36): Database/Seeders/DatabaseSeeder->run()
#20 C:/Users/hp/Documents/Gestion Commercial/saas-commercial/backend/vendor/laravel/framework/src/Illuminate/Container/Util.php(43): Illuminate/Container/BoundMethod::Illuminate/Container/{closure}()
#21 C:/Users/hp/Documents/Gestion Commercial/saas-commercial/backend/vendor/laravel/framework/src/Illuminate/Container/BoundMethod.php(95): Illuminate/Container/Util::unwrapIfClosure()
#22 C:/Users/hp/Documents/Gestion Commercial/saas-commercial/backend/vendor/laravel/framework/src/Illuminate/Container/BoundMethod.php(35): Illuminate/Container/BoundMethod::callBoundMethod()
#23 C:/Users/hp/Documents/Gestion Commercial/saas-commercial/backend/vendor/laravel/framework/src/Illuminate/Container/Container.php(696): Illuminate/Container/BoundMethod::call()
#24 C:/Users/hp/Documents/Gestion Commercial/saas-commercial/backend/vendor/laravel/framework/src/Illuminate/Database/Seeder.php(188): Illuminate/Container/Container->call()
#25 C:/Users/hp/Documents/Gestion Commercial/saas-commercial/backend/vendor/laravel/framework/src/Illuminate/Database/Seeder.php(197): Illuminate/Database/Seeder->Illuminate/Database/{closure}()
#26 C:/Users/hp/Documents/Gestion Commercial/saas-commercial/backend/vendor/laravel/framework/src/Illuminate/Database/Console/Seeds/SeedCommand.php(70): Illuminate/Database/Seeder->__invoke()
#27 C:/Users/hp/Documents/Gestion Commercial/saas-commercial/backend/vendor/laravel/framework/src/Illuminate/Database/Eloquent/Concerns/GuardsAttributes.php(155): Illuminate/Database/Console/Seeds/SeedCommand->Illuminate/Database/Console/Seeds/{closure}()
#28 C:/Users/hp/Documents/Gestion Commercial/saas-commercial/backend/vendor/laravel/framework/src/Illuminate/Database/Console/Seeds/SeedCommand.php(69): Illuminate/Database/Eloquent/Model::unguarded()
#29 C:/Users/hp/Documents/Gestion Commercial/saas-commercial/backend/vendor/laravel/framework/src/Illuminate/Container/BoundMethod.php(36): Illuminate/Database/Console/Seeds/SeedCommand->handle()
#30 C:/Users/hp/Documents/Gestion Commercial/saas-commercial/backend/vendor/laravel/framework/src/Illuminate/Container/Util.php(43): Illuminate/Container/BoundMethod::Illuminate/Container/{closure}()
#31 C:/Users/hp/Documents/Gestion Commercial/saas-commercial/backend/vendor/laravel/framework/src/Illuminate/Container/BoundMethod.php(95): Illuminate/Container/Util::unwrapIfClosure()
#32 C:/Users/hp/Documents/Gestion Commercial/saas-commercial/backend/vendor/laravel/framework/src/Illuminate/Container/BoundMethod.php(35): Illuminate/Container/BoundMethod::callBoundMethod()
#33 C:/Users/hp/Documents/Gestion Commercial/saas-commercial/backend/vendor/laravel/framework/src/Illuminate/Container/Container.php(696): Illuminate/Container/BoundMethod::call()
#34 C:/Users/hp/Documents/Gestion Commercial/saas-commercial/backend/vendor/laravel/framework/src/Illuminate/Console/Command.php(213): Illuminate/Container/Container->call()
#35 C:/Users/hp/Documents/Gestion Commercial/saas-commercial/backend/vendor/symfony/console/Command/Command.php(341): Illuminate/Console/Command->execute()
#36 C:/Users/hp/Documents/Gestion Commercial/saas-commercial/backend/vendor/laravel/framework/src/Illuminate/Console/Command.php(182): Symfony/Component/Console/Command/Command->run()
#37 C:/Users/hp/Documents/Gestion Commercial/saas-commercial/backend/vendor/laravel/framework/src/Illuminate/Console/Concerns/CallsCommands.php(68): Illuminate/Console/Command->run()
#38 C:/Users/hp/Documents/Gestion Commercial/saas-commercial/backend/vendor/laravel/framework/src/Illuminate/Console/Concerns/CallsCommands.php(29): Illuminate/Console/Command->runCommand()
#39 C:/Users/hp/Documents/Gestion Commercial/saas-commercial/backend/vendor/laravel/framework/src/Illuminate/Database/Console/Migrations/MigrateCommand.php(126): Illuminate/Console/Command->call()
#40 C:/Users/hp/Documents/Gestion Commercial/saas-commercial/backend/vendor/laravel/framework/src/Illuminate/Database/Migrations/Migrator.php(658): Illuminate/Database/Console/Migrations/MigrateCommand->Illuminate/Database/Console/Migrations/{closure}()
#41 C:/Users/hp/Documents/Gestion Commercial/saas-commercial/backend/vendor/laravel/framework/src/Illuminate/Database/Console/Migrations/MigrateCommand.php(110): Illuminate/Database/Migrations/Migrator->usingConnection()
#42 C:/Users/hp/Documents/Gestion Commercial/saas-commercial/backend/vendor/laravel/framework/src/Illuminate/Database/Console/Migrations/MigrateCommand.php(89): Illuminate/Database/Console/Migrations/MigrateCommand->runMigrations()
#43 C:/Users/hp/Documents/Gestion Commercial/saas-commercial/backend/vendor/laravel/framework/src/Illuminate/Container/BoundMethod.php(36): Illuminate/Database/Console/Migrations/MigrateCommand->handle()
#44 C:/Users/hp/Documents/Gestion Commercial/saas-commercial/backend/vendor/laravel/framework/src/Illuminate/Container/Util.php(43): Illuminate/Container/BoundMethod::Illuminate/Container/{closure}()
#45 C:/Users/hp/Documents/Gestion Commercial/saas-commercial/backend/vendor/laravel/framework/src/Illuminate/Container/BoundMethod.php(95): Illuminate/Container/Util::unwrapIfClosure()
#46 C:/Users/hp/Documents/Gestion Commercial/saas-commercial/backend/vendor/laravel/framework/src/Illuminate/Container/BoundMethod.php(35): Illuminate/Container/BoundMethod::callBoundMethod()
#47 C:/Users/hp/Documents/Gestion Commercial/saas-commercial/backend/vendor/laravel/framework/src/Illuminate/Container/Container.php(696): Illuminate/Container/BoundMethod::call()
#48 C:/Users/hp/Documents/Gestion Commercial/saas-commercial/backend/vendor/laravel/framework/src/Illuminate/Console/Command.php(213): Illuminate/Container/Container->call()
#49 C:/Users/hp/Documents/Gestion Commercial/saas-commercial/backend/vendor/symfony/console/Command/Command.php(341): Illuminate/Console/Command->execute()
#50 C:/Users/hp/Documents/Gestion Commercial/saas-commercial/backend/vendor/laravel/framework/src/Illuminate/Console/Command.php(182): Symfony/Component/Console/Command/Command->run()
#51 C:/Users/hp/Documents/Gestion Commercial/saas-commercial/backend/vendor/symfony/console/Application.php(1117): Illuminate/Console/Command->run()
#52 C:/Users/hp/Documents/Gestion Commercial/saas-commercial/backend/vendor/symfony/console/Application.php(356): Symfony/Component/Console/Application->doRunCommand()
#53 C:/Users/hp/Documents/Gestion Commercial/saas-commercial/backend/vendor/symfony/console/Application.php(195): Symfony/Component/Console/Application->doRun()
#54 C:/Users/hp/Documents/Gestion Commercial/saas-commercial/backend/vendor/laravel/framework/src/Illuminate/Foundation/Console/Kernel.php(198): Symfony/Component/Console/Application->run()
#55 C:/Users/hp/Documents/Gestion Commercial/saas-commercial/backend/vendor/laravel/framework/src/Illuminate/Foundation/Application.php(1235): Illuminate/Foundation/Console/Kernel->handle()
#56 C:/Users/hp/Documents/Gestion Commercial/saas-commercial/backend/artisan(13): Illuminate/Foundation/Application->handleCommand()
#57 {main}

[previous exception] [object] (PDOException(code: 22001): SQLSTATE[22001]: String data, right truncated: 1406 Data too long for column 'api_key' at row 1 at C:/Users/hp/Documents/Gestion Commercial/saas-commercial/backend/vendor/laravel/framework/src/Illuminate/Database/MySqlConnection.php:53)
[stacktrace]
#0 C:/Users/hp/Documents/Gestion Commercial/saas-commercial/backend/vendor/laravel/framework/src/Illuminate/Database/MySqlConnection.php(53): PDOStatement->execute()
#1 C:/Users/hp/Documents/Gestion Commercial/saas-commercial/backend/vendor/laravel/framework/src/Illuminate/Database/Connection.php(812): Illuminate/Database/MySqlConnection->Illuminate/Database/{closure}()
#2 C:/Users/hp/Documents/Gestion Commercial/saas-commercial/backend/vendor/laravel/framework/src/Illuminate/Database/Connection.php(779): Illuminate/Database/Connection->runQueryCallback()
#3 C:/Users/hp/Documents/Gestion Commercial/saas-commercial/backend/vendor/laravel/framework/src/Illuminate/Database/MySqlConnection.php(42): Illuminate/Database/Connection->run()
#4 C:/Users/hp/Documents/Gestion Commercial/saas-commercial/backend/vendor/laravel/framework/src/Illuminate/Database/Query/Processors/MySqlProcessor.php(35): Illuminate/Database/MySqlConnection->insert()
#5 C:/Users/hp/Documents/Gestion Commercial/saas-commercial/backend/vendor/laravel/framework/src/Illuminate/Database/Query/Builder.php(3766): Illuminate/Database/Query/Processors/MySqlProcessor->processInsertGetId()
#6 C:/Users/hp/Documents/Gestion Commercial/saas-commercial/backend/vendor/laravel/framework/src/Illuminate/Database/Eloquent/Builder.php(2120): Illuminate/Database/Query/Builder->insertGetId()
#7 C:/Users/hp/Documents/Gestion Commercial/saas-commercial/backend/vendor/laravel/framework/src/Illuminate/Database/Eloquent/Model.php(1359): Illuminate/Database/Eloquent/Builder->__call()
#8 C:/Users/hp/Documents/Gestion Commercial/saas-commercial/backend/vendor/laravel/framework/src/Illuminate/Database/Eloquent/Model.php(1324): Illuminate/Database/Eloquent/Model->insertAndSetId()
#9 C:/Users/hp/Documents/Gestion Commercial/saas-commercial/backend/vendor/laravel/framework/src/Illuminate/Database/Eloquent/Model.php(1163): Illuminate/Database/Eloquent/Model->performInsert()
#10 C:/Users/hp/Documents/Gestion Commercial/saas-commercial/backend/vendor/laravel/framework/src/Illuminate/Database/Eloquent/Builder.php(1128): Illuminate/Database/Eloquent/Model->save()
#11 C:/Users/hp/Documents/Gestion Commercial/saas-commercial/backend/vendor/laravel/framework/src/Illuminate/Support/helpers.php(399): Illuminate/Database/Eloquent/Builder->Illuminate/Database/Eloquent/{closure}()
#12 C:/Users/hp/Documents/Gestion Commercial/saas-commercial/backend/vendor/laravel/framework/src/Illuminate/Database/Eloquent/Builder.php(1127): tap()
#13 C:/Users/hp/Documents/Gestion Commercial/saas-commercial/backend/vendor/laravel/framework/src/Illuminate/Database/Eloquent/Builder.php(634): Illuminate/Database/Eloquent/Builder->create()
#14 C:/Users/hp/Documents/Gestion Commercial/saas-commercial/backend/vendor/laravel/framework/src/Illuminate/Database/Eloquent/Builder.php(1864): Illuminate/Database/Eloquent/Builder->Illuminate/Database/Eloquent/{closure}()
#15 C:/Users/hp/Documents/Gestion Commercial/saas-commercial/backend/vendor/laravel/framework/src/Illuminate/Database/Eloquent/Builder.php(634): Illuminate/Database/Eloquent/Builder->withSavepointIfNeeded()
#16 C:/Users/hp/Documents/Gestion Commercial/saas-commercial/backend/vendor/laravel/framework/src/Illuminate/Database/Eloquent/Builder.php(621): Illuminate/Database/Eloquent/Builder->createOrFirst()
#17 C:/Users/hp/Documents/Gestion Commercial/saas-commercial/backend/vendor/laravel/framework/src/Illuminate/Support/Traits/ForwardsCalls.php(23): Illuminate/Database/Eloquent/Builder->firstOrCreate()
#18 C:/Users/hp/Documents/Gestion Commercial/saas-commercial/backend/vendor/laravel/framework/src/Illuminate/Database/Eloquent/Model.php(2372): Illuminate/Database/Eloquent/Model->forwardCallTo()
#19 C:/Users/hp/Documents/Gestion Commercial/saas-commercial/backend/vendor/laravel/framework/src/Illuminate/Database/Eloquent/Model.php(2384): Illuminate/Database/Eloquent/Model->__call()
#20 C:/Users/hp/Documents/Gestion Commercial/saas-commercial/backend/database/seeders/DatabaseSeeder.php(18): Illuminate/Database/Eloquent/Model::__callStatic()
#21 C:/Users/hp/Documents/Gestion Commercial/saas-commercial/backend/vendor/laravel/framework/src/Illuminate/Container/BoundMethod.php(36): Database/Seeders/DatabaseSeeder->run()
#22 C:/Users/hp/Documents/Gestion Commercial/saas-commercial/backend/vendor/laravel/framework/src/Illuminate/Container/Util.php(43): Illuminate/Container/BoundMethod::Illuminate/Container/{closure}()
#23 C:/Users/hp/Documents/Gestion Commercial/saas-commercial/backend/vendor/laravel/framework/src/Illuminate/Container/BoundMethod.php(95): Illuminate/Container/Util::unwrapIfClosure()
#24 C:/Users/hp/Documents/Gestion Commercial/saas-commercial/backend/vendor/laravel/framework/src/Illuminate/Container/BoundMethod.php(35): Illuminate/Container/BoundMethod::callBoundMethod()
#25 C:/Users/hp/Documents/Gestion Commercial/saas-commercial/backend/vendor/laravel/framework/src/Illuminate/Container/Container.php(696): Illuminate/Container/BoundMethod::call()
#26 C:/Users/hp/Documents/Gestion Commercial/saas-commercial/backend/vendor/laravel/framework/src/Illuminate/Database/Seeder.php(188): Illuminate/Container/Container->call()
#27 C:/Users/hp/Documents/Gestion Commercial/saas-commercial/backend/vendor/laravel/framework/src/Illuminate/Database/Seeder.php(197): Illuminate/Database/Seeder->Illuminate/Database/{closure}()
#28 C:/Users/hp/Documents/Gestion Commercial/saas-commercial/backend/vendor/laravel/framework/src/Illuminate/Database/Console/Seeds/SeedCommand.php(70): Illuminate/Database/Seeder->__invoke()
#29 C:/Users/hp/Documents/Gestion Commercial/saas-commercial/backend/vendor/laravel/framework/src/Illuminate/Database/Eloquent/Concerns/GuardsAttributes.php(155): Illuminate/Database/Console/Seeds/SeedCommand->Illuminate/Database/Console/Seeds/{closure}()
#30 C:/Users/hp/Documents/Gestion Commercial/saas-commercial/backend/vendor/laravel/framework/src/Illuminate/Database/Console/Seeds/SeedCommand.php(69): Illuminate/Database/Eloquent/Model::unguarded()
#31 C:/Users/hp/Documents/Gestion Commercial/saas-commercial/backend/vendor/laravel/framework/src/Illuminate/Container/BoundMethod.php(36): Illuminate/Database/Console/Seeds/SeedCommand->handle()
#32 C:/Users/hp/Documents/Gestion Commercial/saas-commercial/backend/vendor/laravel/framework/src/Illuminate/Container/Util.php(43): Illuminate/Container/BoundMethod::Illuminate/Container/{closure}()
#33 C:/Users/hp/Documents/Gestion Commercial/saas-commercial/backend/vendor/laravel/framework/src/Illuminate/Container/BoundMethod.php(95): Illuminate/Container/Util::unwrapIfClosure()
#34 C:/Users/hp/Documents/Gestion Commercial/saas-commercial/backend/vendor/laravel/framework/src/Illuminate/Container/BoundMethod.php(35): Illuminate/Container/BoundMethod::callBoundMethod()
#35 C:/Users/hp/Documents/Gestion Commercial/saas-commercial/backend/vendor/laravel/framework/src/Illuminate/Container/Container.php(696): Illuminate/Container/BoundMethod::call()
#36 C:/Users/hp/Documents/Gestion Commercial/saas-commercial/backend/vendor/laravel/framework/src/Illuminate/Console/Command.php(213): Illuminate/Container/Container->call()
#37 C:/Users/hp/Documents/Gestion Commercial/saas-commercial/backend/vendor/symfony/console/Command/Command.php(341): Illuminate/Console/Command->execute()
#38 C:/Users/hp/Documents/Gestion Commercial/saas-commercial/backend/vendor/laravel/framework/src/Illuminate/Console/Command.php(182): Symfony/Component/Console/Command/Command->run()
#39 C:/Users/hp/Documents/Gestion Commercial/saas-commercial/backend/vendor/laravel/framework/src/Illuminate/Console/Concerns/CallsCommands.php(68): Illuminate/Console/Command->run()
#40 C:/Users/hp/Documents/Gestion Commercial/saas-commercial/backend/vendor/laravel/framework/src/Illuminate/Console/Concerns/CallsCommands.php(29): Illuminate/Console/Command->runCommand()
#41 C:/Users/hp/Documents/Gestion Commercial/saas-commercial/backend/vendor/laravel/framework/src/Illuminate/Database/Console/Migrations/MigrateCommand.php(126): Illuminate/Console/Command->call()
#42 C:/Users/hp/Documents/Gestion Commercial/saas-commercial/backend/vendor/laravel/framework/src/Illuminate/Database/Migrations/Migrator.php(658): Illuminate/Database/Console/Migrations/MigrateCommand->Illuminate/Database/Console/Migrations/{closure}()
#43 C:/Users/hp/Documents/Gestion Commercial/saas-commercial/backend/vendor/laravel/framework/src/Illuminate/Database/Console/Migrations/MigrateCommand.php(110): Illuminate/Database/Migrations/Migrator->usingConnection()
#44 C:/Users/hp/Documents/Gestion Commercial/saas-commercial/backend/vendor/laravel/framework/src/Illuminate/Database/Console/Migrations/MigrateCommand.php(89): Illuminate/Database/Console/Migrations/MigrateCommand->runMigrations()
#45 C:/Users/hp/Documents/Gestion Commercial/saas-commercial/backend/vendor/laravel/framework/src/Illuminate/Container/BoundMethod.php(36): Illuminate/Database/Console/Migrations/MigrateCommand->handle()
#46 C:/Users/hp/Documents/Gestion Commercial/saas-commercial/backend/vendor/laravel/framework/src/Illuminate/Container/Util.php(43): Illuminate/Container/BoundMethod::Illuminate/Container/{closure}()
#47 C:/Users/hp/Documents/Gestion Commercial/saas-commercial/backend/vendor/laravel/framework/src/Illuminate/Container/BoundMethod.php(95): Illuminate/Container/Util::unwrapIfClosure()
#48 C:/Users/hp/Documents/Gestion Commercial/saas-commercial/backend/vendor/laravel/framework/src/Illuminate/Container/BoundMethod.php(35): Illuminate/Container/BoundMethod::callBoundMethod()
#49 C:/Users/hp/Documents/Gestion Commercial/saas-commercial/backend/vendor/laravel/framework/src/Illuminate/Container/Container.php(696): Illuminate/Container/BoundMethod::call()
#50 C:/Users/hp/Documents/Gestion Commercial/saas-commercial/backend/vendor/laravel/framework/src/Illuminate/Console/Command.php(213): Illuminate/Container/Container->call()
#51 C:/Users/hp/Documents/Gestion Commercial/saas-commercial/backend/vendor/symfony/console/Command/Command.php(341): Illuminate/Console/Command->execute()
#52 C:/Users/hp/Documents/Gestion Commercial/saas-commercial/backend/vendor/laravel/framework/src/Illuminate/Console/Command.php(182): Symfony/Component/Console/Command/Command->run()
#53 C:/Users/hp/Documents/Gestion Commercial/saas-commercial/backend/vendor/symfony/console/Application.php(1117): Illuminate/Console/Command->run()
#54 C:/Users/hp/Documents/Gestion Commercial/saas-commercial/backend/vendor/symfony/console/Application.php(356): Symfony/Component/Console/Application->doRunCommand()
#55 C:/Users/hp/Documents/Gestion Commercial/saas-commercial/backend/vendor/symfony/console/Application.php(195): Symfony/Component/Console/Application->doRun()
#56 C:/Users/hp/Documents/Gestion Commercial/saas-commercial/backend/vendor/laravel/framework/src/Illuminate/Foundation/Console/Kernel.php(198): Symfony/Component/Console/Application->run()
#57 C:/Users/hp/Documents/Gestion Commercial/saas-commercial/backend/vendor/laravel/framework/src/Illuminate/Foundation/Application.php(1235): Illuminate/Foundation/Console/Kernel->handle()
#58 C:/Users/hp/Documents/Gestion Commercial/saas-commercial/backend/artisan(13): Illuminate/Foundation/Application->handleCommand()
#59 {main}
"} 
